<?xml version="1.0" encoding="UTF-8"?>
<coverage generated="1564405603584" clover="3.2.0">
  <project timestamp="1564405603584" name="All files">
    <metrics statements="3" coveredstatements="3" conditionals="0" coveredconditionals="0" methods="0" coveredmethods="0" elements="3" coveredelements="3" complexity="0" loc="3" ncloc="3" packages="1" files="2" classes="2">
      <file name="Albums.vue" path="/home/domig/Dev/albums/src/components/Albums.vue">
        <metrics statements="2" coveredstatements="2" conditionals="0" coveredconditionals="0" methods="0" coveredmethods="0"/>
        <line num="13" count="1" type="stmt"/>
        <line num="22" count="2" type="stmt"/>
      </file>
      <file name="More.vue" path="/home/domig/Dev/albums/src/components/More.vue">
        <metrics statements="1" coveredstatements="1" conditionals="0" coveredconditionals="0" methods="0" coveredmethods="0"/>
        <line num="6" count="1" type="stmt"/>
      </file>
    </metrics>
  </project>
</coverage>
