{"/home/domig/Dev/albums/src/components/Albums.vue": {"path":"/home/domig/Dev/albums/src/components/Albums.vue","statementMap":{"0":{"start":{"line":13,"column":0},"end":{"line":null,"column":-1}},"1":{"start":{"line":22,"column":0},"end":{"line":null,"column":-1}}},"fnMap":{},"branchMap":{},"s":{"0":1,"1":2},"f":{},"b":{}}
,"/home/domig/Dev/albums/src/components/More.vue": {"path":"/home/domig/Dev/albums/src/components/More.vue","statementMap":{"0":{"start":{"line":6,"column":0},"end":{"line":null,"column":-1}}},"fnMap":{},"branchMap":{},"s":{"0":1},"f":{},"b":{}}
}
